2024-01-23 15:15:04.296 [info] Nivel de registro: Info
2024-01-23 15:15:04.296 [info] La validación encontró GIT en: “git“
2024-01-23 15:15:04.296 [info] Usando GIT “2.34.1” desde “git”
2024-01-23 15:15:04.296 [info] > git rev-parse --show-toplevel [19ms]
2024-01-23 15:15:04.297 [info] fatal: not a git repository (or any of the parent directories): .git
2024-01-23 15:15:04.299 [info] > git rev-parse --show-toplevel [14ms]
2024-01-23 15:15:04.299 [info] fatal: not a git repository (or any of the parent directories): .git
2024-01-23 15:15:04.304 [info] > git rev-parse --show-toplevel [0ms]
2024-01-23 15:15:04.304 [info] fatal: not a git repository (or any of the parent directories): .git
2024-01-23 15:15:05.411 [info] > git rev-parse --show-toplevel [0ms]
2024-01-23 15:15:05.411 [info] fatal: not a git repository (or any of the parent directories): .git
2024-01-23 15:15:28.720 [info] > git rev-parse --show-toplevel [2ms]
2024-01-23 15:15:28.720 [info] fatal: not a git repository (or any of the parent directories): .git
2024-01-23 15:15:29.364 [info] > git rev-parse --show-toplevel [8ms]
2024-01-23 15:15:29.364 [info] fatal: not a git repository (or any of the parent directories): .git
2024-01-23 15:16:58.295 [info] > git rev-parse --show-toplevel [2ms]
2024-01-23 15:16:58.295 [info] fatal: not a git repository (or any of the parent directories): .git
2024-01-23 15:18:01.894 [info] > git rev-parse --show-toplevel [2ms]
2024-01-23 15:18:01.894 [info] fatal: not a git repository (or any of the parent directories): .git
2024-01-23 15:18:50.233 [info] > git rev-parse --show-toplevel [8ms]
2024-01-23 15:18:50.234 [info] fatal: not a git repository (or any of the parent directories): .git
2024-01-23 15:19:17.280 [info] > git rev-parse --show-toplevel [10ms]
2024-01-23 15:19:17.280 [info] fatal: not a git repository (or any of the parent directories): .git
2024-01-23 15:19:26.170 [info] > git rev-parse --show-toplevel [3ms]
2024-01-23 15:19:26.170 [info] fatal: not a git repository (or any of the parent directories): .git
