2024-01-23 15:14:11.235 [info] Nivel de registro: Info
2024-01-23 15:14:11.235 [info] La validación encontró GIT en: “git“
2024-01-23 15:14:11.235 [info] Usando GIT “2.34.1” desde “git”
2024-01-23 15:14:11.235 [info] > git rev-parse --show-toplevel [3ms]
2024-01-23 15:14:11.235 [info] fatal: not a git repository (or any of the parent directories): .git
2024-01-23 15:14:11.235 [info] > git rev-parse --show-toplevel [3ms]
2024-01-23 15:14:11.235 [info] fatal: not a git repository (or any of the parent directories): .git
2024-01-23 15:14:11.235 [info] > git rev-parse --show-toplevel [2ms]
2024-01-23 15:14:11.235 [info] fatal: not a git repository (or any of the parent directories): .git
2024-01-23 15:14:11.235 [info] > git rev-parse --show-toplevel [10ms]
2024-01-23 15:14:11.235 [info] fatal: not a git repository (or any of the parent directories): .git
2024-01-23 15:14:11.475 [info] > git rev-parse --show-toplevel [20ms]
2024-01-23 15:14:11.475 [info] fatal: not a git repository (or any of the parent directories): .git
2024-01-23 15:14:20.938 [info] > git rev-parse --show-toplevel [2ms]
2024-01-23 15:14:20.938 [info] fatal: not a git repository (or any of the parent directories): .git
2024-01-23 15:14:25.784 [info] > git rev-parse --show-toplevel [1ms]
2024-01-23 15:14:25.784 [info] fatal: not a git repository (or any of the parent directories): .git
2024-01-23 15:14:33.488 [info] > git rev-parse --show-toplevel [1ms]
2024-01-23 15:14:33.489 [info] fatal: not a git repository (or any of the parent directories): .git
2024-01-23 15:14:34.769 [info] > git rev-parse --show-toplevel [1ms]
2024-01-23 15:14:34.769 [info] fatal: not a git repository (or any of the parent directories): .git
2024-01-23 15:14:43.595 [info] > git rev-parse --show-toplevel [1ms]
2024-01-23 15:14:43.595 [info] fatal: not a git repository (or any of the parent directories): .git
2024-01-23 15:14:53.842 [info] > git rev-parse --show-toplevel [1ms]
2024-01-23 15:14:53.842 [info] fatal: not a git repository (or any of the parent directories): .git
